{"C:\\Users\\Antonio\\Documents\\ai-studio\\projects\\healthy\\src\\index.js": {"path":"C:\\Users\\Antonio\\Documents\\ai-studio\\projects\\healthy\\src\\index.js","statementMap":{"0":{"start":{"line":11,"column":4},"end":{"line":11,"column":46}},"1":{"start":{"line":18,"column":4},"end":{"line":18,"column":42}},"2":{"start":{"line":20,"column":0},"end":{"line":32,"column":2}}},"fnMap":{},"branchMap":{},"s":{"0":0,"1":0,"2":0},"f":{},"b":{}}
,"C:\\Users\\Antonio\\Documents\\ai-studio\\projects\\healthy\\src\\config\\anthropic.js": {"path":"C:\\Users\\Antonio\\Documents\\ai-studio\\projects\\healthy\\src\\config\\anthropic.js","statementMap":{"0":{"start":{"line":1,"column":18},"end":{"line":1,"column":46}},"1":{"start":{"line":4,"column":14},"end":{"line":4,"column":33}},"2":{"start":{"line":7,"column":19},"end":{"line":7,"column":24}},"3":{"start":{"line":10,"column":18},"end":{"line":12,"column":2}},"4":{"start":{"line":14,"column":0},"end":{"line":14,"column":50}}},"fnMap":{},"branchMap":{},"s":{"0":0,"1":0,"2":0,"3":0,"4":0},"f":{},"b":{}}
,"C:\\Users\\Antonio\\Documents\\ai-studio\\projects\\healthy\\src\\prompts\\planPromptBuilder.js": {"path":"C:\\Users\\Antonio\\Documents\\ai-studio\\projects\\healthy\\src\\prompts\\planPromptBuilder.js","statementMap":{"0":{"start":{"line":7,"column":22},"end":{"line":92,"column":96}},"1":{"start":{"line":113,"column":6},"end":{"line":113,"column":14}},"2":{"start":{"line":115,"column":32},"end":{"line":115,"column":48}},"3":{"start":{"line":118,"column":25},"end":{"line":125,"column":38}},"4":{"start":{"line":128,"column":31},"end":{"line":134,"column":41}},"5":{"start":{"line":137,"column":27},"end":{"line":147,"column":69}},"6":{"start":{"line":150,"column":26},"end":{"line":157,"column":92}},"7":{"start":{"line":160,"column":24},"end":{"line":165,"column":72}},"8":{"start":{"line":163,"column":4},"end":{"line":163,"column":152}},"9":{"start":{"line":168,"column":31},"end":{"line":173,"column":88}},"10":{"start":{"line":176,"column":30},"end":{"line":181,"column":69}},"11":{"start":{"line":179,"column":4},"end":{"line":179,"column":72}},"12":{"start":{"line":184,"column":28},"end":{"line":188,"column":76}},"13":{"start":{"line":191,"column":26},"end":{"line":196,"column":8}},"14":{"start":{"line":194,"column":4},"end":{"line":194,"column":176}},"15":{"start":{"line":199,"column":27},"end":{"line":204,"column":8}},"16":{"start":{"line":202,"column":4},"end":{"line":202,"column":148}},"17":{"start":{"line":206,"column":19},"end":{"line":217,"column":19}},"18":{"start":{"line":219,"column":2},"end":{"line":219,"column":105}},"19":{"start":{"line":222,"column":0},"end":{"line":222,"column":53}}},"fnMap":{"0":{"name":"buildUserMessage","decl":{"start":{"line":102,"column":9},"end":{"line":102,"column":25}},"loc":{"start":{"line":102,"column":54},"end":{"line":220,"column":1}},"line":102},"1":{"name":"(anonymous_1)","decl":{"start":{"line":162,"column":23},"end":{"line":162,"column":24}},"loc":{"start":{"line":163,"column":4},"end":{"line":163,"column":152}},"line":163},"2":{"name":"(anonymous_2)","decl":{"start":{"line":178,"column":23},"end":{"line":178,"column":24}},"loc":{"start":{"line":179,"column":4},"end":{"line":179,"column":72}},"line":179},"3":{"name":"(anonymous_3)","decl":{"start":{"line":193,"column":33},"end":{"line":193,"column":34}},"loc":{"start":{"line":194,"column":4},"end":{"line":194,"column":176}},"line":194},"4":{"name":"(anonymous_4)","decl":{"start":{"line":201,"column":34},"end":{"line":201,"column":35}},"loc":{"start":{"line":202,"column":4},"end":{"line":202,"column":148}},"line":202}},"branchMap":{"0":{"loc":{"start":{"line":137,"column":27},"end":{"line":147,"column":69}},"type":"cond-expr","locations":[{"start":{"line":137,"column":46},"end":{"line":147,"column":64}},{"start":{"line":147,"column":67},"end":{"line":147,"column":69}}],"line":137},"1":{"loc":{"start":{"line":138,"column":15},"end":{"line":138,"column":63}},"type":"binary-expr","locations":[{"start":{"line":138,"column":15},"end":{"line":138,"column":42}},{"start":{"line":138,"column":46},"end":{"line":138,"column":63}}],"line":138},"2":{"loc":{"start":{"line":146,"column":13},"end":{"line":146,"column":50}},"type":"cond-expr","locations":[{"start":{"line":146,"column":39},"end":{"line":146,"column":43}},{"start":{"line":146,"column":46},"end":{"line":146,"column":50}}],"line":146},"3":{"loc":{"start":{"line":150,"column":26},"end":{"line":157,"column":92}},"type":"cond-expr","locations":[{"start":{"line":150,"column":48},"end":{"line":157,"column":87}},{"start":{"line":157,"column":90},"end":{"line":157,"column":92}}],"line":150},"4":{"loc":{"start":{"line":154,"column":23},"end":{"line":154,"column":71}},"type":"cond-expr","locations":[{"start":{"line":154,"column":60},"end":{"line":154,"column":64}},{"start":{"line":154,"column":67},"end":{"line":154,"column":71}}],"line":154},"5":{"loc":{"start":{"line":157,"column":29},"end":{"line":157,"column":85}},"type":"binary-expr","locations":[{"start":{"line":157,"column":29},"end":{"line":157,"column":72}},{"start":{"line":157,"column":76},"end":{"line":157,"column":85}}],"line":157},"6":{"loc":{"start":{"line":160,"column":24},"end":{"line":165,"column":72}},"type":"cond-expr","locations":[{"start":{"line":161,"column":6},"end":{"line":164,"column":16}},{"start":{"line":165,"column":6},"end":{"line":165,"column":72}}],"line":160},"7":{"loc":{"start":{"line":160,"column":24},"end":{"line":160,"column":71}},"type":"binary-expr","locations":[{"start":{"line":160,"column":24},"end":{"line":160,"column":40}},{"start":{"line":160,"column":44},"end":{"line":160,"column":71}}],"line":160},"8":{"loc":{"start":{"line":163,"column":137},"end":{"line":163,"column":150}},"type":"binary-expr","locations":[{"start":{"line":163,"column":137},"end":{"line":163,"column":144}},{"start":{"line":163,"column":148},"end":{"line":163,"column":150}}],"line":163},"9":{"loc":{"start":{"line":168,"column":31},"end":{"line":173,"column":88}},"type":"cond-expr","locations":[{"start":{"line":168,"column":54},"end":{"line":173,"column":83}},{"start":{"line":173,"column":86},"end":{"line":173,"column":88}}],"line":168},"10":{"loc":{"start":{"line":171,"column":20},"end":{"line":171,"column":68}},"type":"cond-expr","locations":[{"start":{"line":171,"column":57},"end":{"line":171,"column":61}},{"start":{"line":171,"column":64},"end":{"line":171,"column":68}}],"line":171},"11":{"loc":{"start":{"line":176,"column":30},"end":{"line":181,"column":69}},"type":"cond-expr","locations":[{"start":{"line":177,"column":6},"end":{"line":180,"column":16}},{"start":{"line":181,"column":6},"end":{"line":181,"column":69}}],"line":176},"12":{"loc":{"start":{"line":176,"column":30},"end":{"line":176,"column":77}},"type":"binary-expr","locations":[{"start":{"line":176,"column":30},"end":{"line":176,"column":46}},{"start":{"line":176,"column":50},"end":{"line":176,"column":77}}],"line":176},"13":{"loc":{"start":{"line":184,"column":28},"end":{"line":188,"column":76}},"type":"cond-expr","locations":[{"start":{"line":184,"column":48},"end":{"line":188,"column":71}},{"start":{"line":188,"column":74},"end":{"line":188,"column":76}}],"line":184},"14":{"loc":{"start":{"line":186,"column":22},"end":{"line":186,"column":126}},"type":"cond-expr","locations":[{"start":{"line":186,"column":60},"end":{"line":186,"column":119}},{"start":{"line":186,"column":122},"end":{"line":186,"column":126}}],"line":186},"15":{"loc":{"start":{"line":186,"column":71},"end":{"line":186,"column":118}},"type":"binary-expr","locations":[{"start":{"line":186,"column":71},"end":{"line":186,"column":112}},{"start":{"line":186,"column":116},"end":{"line":186,"column":118}}],"line":186},"16":{"loc":{"start":{"line":188,"column":18},"end":{"line":188,"column":69}},"type":"cond-expr","locations":[{"start":{"line":188,"column":58},"end":{"line":188,"column":62}},{"start":{"line":188,"column":65},"end":{"line":188,"column":69}}],"line":188},"17":{"loc":{"start":{"line":191,"column":26},"end":{"line":196,"column":8}},"type":"cond-expr","locations":[{"start":{"line":192,"column":6},"end":{"line":195,"column":16}},{"start":{"line":196,"column":6},"end":{"line":196,"column":8}}],"line":191},"18":{"loc":{"start":{"line":191,"column":26},"end":{"line":191,"column":69}},"type":"binary-expr","locations":[{"start":{"line":191,"column":26},"end":{"line":191,"column":40}},{"start":{"line":191,"column":44},"end":{"line":191,"column":69}}],"line":191},"19":{"loc":{"start":{"line":194,"column":24},"end":{"line":194,"column":61}},"type":"cond-expr","locations":[{"start":{"line":194,"column":38},"end":{"line":194,"column":56}},{"start":{"line":194,"column":59},"end":{"line":194,"column":61}}],"line":194},"20":{"loc":{"start":{"line":194,"column":65},"end":{"line":194,"column":127}},"type":"cond-expr","locations":[{"start":{"line":194,"column":89},"end":{"line":194,"column":122}},{"start":{"line":194,"column":125},"end":{"line":194,"column":127}}],"line":194},"21":{"loc":{"start":{"line":194,"column":131},"end":{"line":194,"column":174}},"type":"cond-expr","locations":[{"start":{"line":194,"column":144},"end":{"line":194,"column":169}},{"start":{"line":194,"column":172},"end":{"line":194,"column":174}}],"line":194},"22":{"loc":{"start":{"line":199,"column":27},"end":{"line":204,"column":8}},"type":"cond-expr","locations":[{"start":{"line":200,"column":6},"end":{"line":203,"column":16}},{"start":{"line":204,"column":6},"end":{"line":204,"column":8}}],"line":199},"23":{"loc":{"start":{"line":199,"column":27},"end":{"line":199,"column":72}},"type":"binary-expr","locations":[{"start":{"line":199,"column":27},"end":{"line":199,"column":42}},{"start":{"line":199,"column":46},"end":{"line":199,"column":72}}],"line":199},"24":{"loc":{"start":{"line":202,"column":134},"end":{"line":202,"column":146}},"type":"binary-expr","locations":[{"start":{"line":202,"column":134},"end":{"line":202,"column":141}},{"start":{"line":202,"column":145},"end":{"line":202,"column":146}}],"line":202}},"s":{"0":0,"1":0,"2":0,"3":0,"4":0,"5":0,"6":0,"7":0,"8":0,"9":0,"10":0,"11":0,"12":0,"13":0,"14":0,"15":0,"16":0,"17":0,"18":0,"19":0},"f":{"0":0,"1":0,"2":0,"3":0,"4":0},"b":{"0":[0,0],"1":[0,0],"2":[0,0],"3":[0,0],"4":[0,0],"5":[0,0],"6":[0,0],"7":[0,0],"8":[0,0],"9":[0,0],"10":[0,0],"11":[0,0],"12":[0,0],"13":[0,0],"14":[0,0],"15":[0,0],"16":[0,0],"17":[0,0],"18":[0,0],"19":[0,0],"20":[0,0],"21":[0,0],"22":[0,0],"23":[0,0],"24":[0,0]}}
,"C:\\Users\\Antonio\\Documents\\ai-studio\\projects\\healthy\\src\\services\\cacheService.js": {"path":"C:\\Users\\Antonio\\Documents\\ai-studio\\projects\\healthy\\src\\services\\cacheService.js","statementMap":{"0":{"start":{"line":1,"column":14},"end":{"line":1,"column":32}},"1":{"start":{"line":4,"column":23},"end":{"line":4,"column":35}},"2":{"start":{"line":7,"column":21},"end":{"line":7,"column":36}},"3":{"start":{"line":9,"column":18},"end":{"line":9,"column":22}},"4":{"start":{"line":16,"column":2},"end":{"line":16,"column":38}},"5":{"start":{"line":16,"column":19},"end":{"line":16,"column":38}},"6":{"start":{"line":18,"column":2},"end":{"line":37,"column":3}},"7":{"start":{"line":19,"column":4},"end":{"line":28,"column":7}},"8":{"start":{"line":24,"column":32},"end":{"line":24,"column":59}},"9":{"start":{"line":30,"column":4},"end":{"line":33,"column":7}},"10":{"start":{"line":32,"column":6},"end":{"line":32,"column":71}},"11":{"start":{"line":35,"column":4},"end":{"line":35,"column":78}},"12":{"start":{"line":36,"column":4},"end":{"line":36,"column":16}},"13":{"start":{"line":39,"column":2},"end":{"line":39,"column":21}},"14":{"start":{"line":50,"column":17},"end":{"line":50,"column":33}},"15":{"start":{"line":51,"column":2},"end":{"line":51,"column":22}},"16":{"start":{"line":51,"column":15},"end":{"line":51,"column":22}},"17":{"start":{"line":53,"column":2},"end":{"line":58,"column":3}},"18":{"start":{"line":54,"column":16},"end":{"line":54,"column":42}},"19":{"start":{"line":55,"column":4},"end":{"line":55,"column":70}},"20":{"start":{"line":57,"column":4},"end":{"line":57,"column":75}},"21":{"start":{"line":68,"column":17},"end":{"line":68,"column":33}},"22":{"start":{"line":69,"column":2},"end":{"line":69,"column":27}},"23":{"start":{"line":69,"column":15},"end":{"line":69,"column":27}},"24":{"start":{"line":71,"column":2},"end":{"line":78,"column":3}},"25":{"start":{"line":72,"column":16},"end":{"line":72,"column":42}},"26":{"start":{"line":73,"column":19},"end":{"line":73,"column":40}},"27":{"start":{"line":74,"column":4},"end":{"line":74,"column":46}},"28":{"start":{"line":76,"column":4},"end":{"line":76,"column":69}},"29":{"start":{"line":77,"column":4},"end":{"line":77,"column":16}},"30":{"start":{"line":88,"column":17},"end":{"line":88,"column":33}},"31":{"start":{"line":89,"column":2},"end":{"line":89,"column":22}},"32":{"start":{"line":89,"column":15},"end":{"line":89,"column":22}},"33":{"start":{"line":91,"column":2},"end":{"line":96,"column":3}},"34":{"start":{"line":92,"column":16},"end":{"line":92,"column":42}},"35":{"start":{"line":93,"column":4},"end":{"line":93,"column":26}},"36":{"start":{"line":95,"column":4},"end":{"line":95,"column":74}},"37":{"start":{"line":99,"column":0},"end":{"line":99,"column":67}}},"fnMap":{"0":{"name":"getRedisClient","decl":{"start":{"line":15,"column":9},"end":{"line":15,"column":23}},"loc":{"start":{"line":15,"column":26},"end":{"line":40,"column":1}},"line":15},"1":{"name":"(anonymous_1)","decl":{"start":{"line":24,"column":21},"end":{"line":24,"column":22}},"loc":{"start":{"line":24,"column":32},"end":{"line":24,"column":59}},"line":24},"2":{"name":"(anonymous_2)","decl":{"start":{"line":30,"column":28},"end":{"line":30,"column":29}},"loc":{"start":{"line":30,"column":37},"end":{"line":33,"column":5}},"line":30},"3":{"name":"cachePlan","decl":{"start":{"line":49,"column":15},"end":{"line":49,"column":24}},"loc":{"start":{"line":49,"column":43},"end":{"line":59,"column":1}},"line":49},"4":{"name":"getCachedPlan","decl":{"start":{"line":67,"column":15},"end":{"line":67,"column":28}},"loc":{"start":{"line":67,"column":37},"end":{"line":79,"column":1}},"line":67},"5":{"name":"invalidatePlanCache","decl":{"start":{"line":87,"column":15},"end":{"line":87,"column":34}},"loc":{"start":{"line":87,"column":43},"end":{"line":97,"column":1}},"line":87}},"branchMap":{"0":{"loc":{"start":{"line":16,"column":2},"end":{"line":16,"column":38}},"type":"if","locations":[{"start":{"line":16,"column":2},"end":{"line":16,"column":38}},{"start":{},"end":{}}],"line":16},"1":{"loc":{"start":{"line":20,"column":12},"end":{"line":20,"column":49}},"type":"binary-expr","locations":[{"start":{"line":20,"column":12},"end":{"line":20,"column":34}},{"start":{"line":20,"column":38},"end":{"line":20,"column":49}}],"line":20},"2":{"loc":{"start":{"line":21,"column":21},"end":{"line":21,"column":53}},"type":"binary-expr","locations":[{"start":{"line":21,"column":21},"end":{"line":21,"column":43}},{"start":{"line":21,"column":47},"end":{"line":21,"column":53}}],"line":21},"3":{"loc":{"start":{"line":22,"column":16},"end":{"line":22,"column":55}},"type":"binary-expr","locations":[{"start":{"line":22,"column":16},"end":{"line":22,"column":42}},{"start":{"line":22,"column":46},"end":{"line":22,"column":55}}],"line":22},"4":{"loc":{"start":{"line":51,"column":2},"end":{"line":51,"column":22}},"type":"if","locations":[{"start":{"line":51,"column":2},"end":{"line":51,"column":22}},{"start":{},"end":{}}],"line":51},"5":{"loc":{"start":{"line":69,"column":2},"end":{"line":69,"column":27}},"type":"if","locations":[{"start":{"line":69,"column":2},"end":{"line":69,"column":27}},{"start":{},"end":{}}],"line":69},"6":{"loc":{"start":{"line":74,"column":11},"end":{"line":74,"column":45}},"type":"cond-expr","locations":[{"start":{"line":74,"column":20},"end":{"line":74,"column":38}},{"start":{"line":74,"column":41},"end":{"line":74,"column":45}}],"line":74},"7":{"loc":{"start":{"line":89,"column":2},"end":{"line":89,"column":22}},"type":"if","locations":[{"start":{"line":89,"column":2},"end":{"line":89,"column":22}},{"start":{},"end":{}}],"line":89}},"s":{"0":0,"1":0,"2":0,"3":0,"4":0,"5":0,"6":0,"7":0,"8":0,"9":0,"10":0,"11":0,"12":0,"13":0,"14":0,"15":0,"16":0,"17":0,"18":0,"19":0,"20":0,"21":0,"22":0,"23":0,"24":0,"25":0,"26":0,"27":0,"28":0,"29":0,"30":0,"31":0,"32":0,"33":0,"34":0,"35":0,"36":0,"37":0},"f":{"0":0,"1":0,"2":0,"3":0,"4":0,"5":0},"b":{"0":[0,0],"1":[0,0],"2":[0,0],"3":[0,0],"4":[0,0],"5":[0,0],"6":[0,0],"7":[0,0]}}
,"C:\\Users\\Antonio\\Documents\\ai-studio\\projects\\healthy\\src\\services\\planGeneratorService.js": {"path":"C:\\Users\\Antonio\\Documents\\ai-studio\\projects\\healthy\\src\\services\\planGeneratorService.js","statementMap":{"0":{"start":{"line":1,"column":0},"end":{"line":1,"column":27}},"1":{"start":{"line":2,"column":25},"end":{"line":2,"column":50}},"2":{"start":{"line":3,"column":41},"end":{"line":3,"column":71}},"3":{"start":{"line":4,"column":52},"end":{"line":4,"column":91}},"4":{"start":{"line":5,"column":44},"end":{"line":5,"column":83}},"5":{"start":{"line":6,"column":58},"end":{"line":6,"column":83}},"6":{"start":{"line":8,"column":15},"end":{"line":8,"column":33}},"7":{"start":{"line":28,"column":6},"end":{"line":69,"column":4}},"8":{"start":{"line":71,"column":2},"end":{"line":73,"column":3}},"9":{"start":{"line":72,"column":4},"end":{"line":72,"column":70}},"10":{"start":{"line":76,"column":25},"end":{"line":79,"column":3}},"11":{"start":{"line":81,"column":2},"end":{"line":91,"column":4}},"12":{"start":{"line":103,"column":17},"end":{"line":121,"column":4}},"13":{"start":{"line":123,"column":18},"end":{"line":123,"column":45}},"14":{"start":{"line":126,"column":20},"end":{"line":126,"column":66}},"15":{"start":{"line":126,"column":48},"end":{"line":126,"column":65}},"16":{"start":{"line":127,"column":2},"end":{"line":129,"column":3}},"17":{"start":{"line":128,"column":4},"end":{"line":128,"column":77}},"18":{"start":{"line":131,"column":2},"end":{"line":135,"column":4}},"19":{"start":{"line":146,"column":17},"end":{"line":146,"column":34}},"20":{"start":{"line":147,"column":25},"end":{"line":147,"column":69}},"21":{"start":{"line":148,"column":2},"end":{"line":150,"column":3}},"22":{"start":{"line":149,"column":4},"end":{"line":149,"column":33}},"23":{"start":{"line":152,"column":2},"end":{"line":163,"column":3}},"24":{"start":{"line":153,"column":17},"end":{"line":153,"column":37}},"25":{"start":{"line":156,"column":4},"end":{"line":158,"column":5}},"26":{"start":{"line":157,"column":6},"end":{"line":157,"column":92}},"27":{"start":{"line":160,"column":4},"end":{"line":160,"column":16}},"28":{"start":{"line":162,"column":4},"end":{"line":162,"column":79}},"29":{"start":{"line":176,"column":16},"end":{"line":176,"column":26}},"30":{"start":{"line":177,"column":18},"end":{"line":177,"column":28}},"31":{"start":{"line":178,"column":2},"end":{"line":178,"column":40}},"32":{"start":{"line":181,"column":2},"end":{"line":208,"column":5}},"33":{"start":{"line":183,"column":22},"end":{"line":194,"column":6}},"34":{"start":{"line":197,"column":4},"end":{"line":205,"column":7}},"35":{"start":{"line":207,"column":4},"end":{"line":207,"column":21}},"36":{"start":{"line":222,"column":2},"end":{"line":227,"column":3}},"37":{"start":{"line":223,"column":19},"end":{"line":223,"column":46}},"38":{"start":{"line":224,"column":4},"end":{"line":226,"column":5}},"39":{"start":{"line":225,"column":6},"end":{"line":225,"column":47}},"40":{"start":{"line":230,"column":19},"end":{"line":230,"column":44}},"41":{"start":{"line":233,"column":27},"end":{"line":237,"column":3}},"42":{"start":{"line":240,"column":22},"end":{"line":240,"column":66}},"43":{"start":{"line":243,"column":41},"end":{"line":243,"column":73}},"44":{"start":{"line":246,"column":2},"end":{"line":248,"column":3}},"45":{"start":{"line":247,"column":4},"end":{"line":247,"column":93}},"46":{"start":{"line":251,"column":15},"end":{"line":251,"column":41}},"47":{"start":{"line":254,"column":23},"end":{"line":265,"column":3}},"48":{"start":{"line":268,"column":2},"end":{"line":268,"column":40}},"49":{"start":{"line":271,"column":2},"end":{"line":273,"column":5}},"50":{"start":{"line":272,"column":4},"end":{"line":272,"column":102}},"51":{"start":{"line":275,"column":2},"end":{"line":275,"column":57}},"52":{"start":{"line":285,"column":2},"end":{"line":285,"column":36}},"53":{"start":{"line":286,"column":2},"end":{"line":286,"column":57}},"54":{"start":{"line":298,"column":35},"end":{"line":310,"column":4}},"55":{"start":{"line":312,"column":2},"end":{"line":315,"column":3}},"56":{"start":{"line":314,"column":4},"end":{"line":314,"column":31}},"57":{"start":{"line":318,"column":23},"end":{"line":318,"column":46}},"58":{"start":{"line":319,"column":23},"end":{"line":319,"column":66}},"59":{"start":{"line":321,"column":2},"end":{"line":323,"column":3}},"60":{"start":{"line":322,"column":4},"end":{"line":322,"column":31}},"61":{"start":{"line":325,"column":23},"end":{"line":325,"column":50}},"62":{"start":{"line":326,"column":18},"end":{"line":326,"column":82}},"63":{"start":{"line":330,"column":4},"end":{"line":331,"column":57}},"64":{"start":{"line":334,"column":2},"end":{"line":338,"column":3}},"65":{"start":{"line":335,"column":4},"end":{"line":335,"column":109}},"66":{"start":{"line":336,"column":19},"end":{"line":336,"column":47}},"67":{"start":{"line":337,"column":4},"end":{"line":337,"column":41}},"68":{"start":{"line":340,"column":2},"end":{"line":340,"column":29}},"69":{"start":{"line":343,"column":0},"end":{"line":348,"column":2}}},"fnMap":{"0":{"name":"getUserData","decl":{"start":{"line":17,"column":15},"end":{"line":17,"column":26}},"loc":{"start":{"line":17,"column":35},"end":{"line":92,"column":1}},"line":17},"1":{"name":"callClaudeAPI","decl":{"start":{"line":101,"column":15},"end":{"line":101,"column":28}},"loc":{"start":{"line":101,"column":42},"end":{"line":136,"column":1}},"line":101},"2":{"name":"(anonymous_2)","decl":{"start":{"line":126,"column":41},"end":{"line":126,"column":42}},"loc":{"start":{"line":126,"column":48},"end":{"line":126,"column":65}},"line":126},"3":{"name":"parsePlanResponse","decl":{"start":{"line":144,"column":9},"end":{"line":144,"column":26}},"loc":{"start":{"line":144,"column":39},"end":{"line":164,"column":1}},"line":144},"4":{"name":"savePlan","decl":{"start":{"line":175,"column":15},"end":{"line":175,"column":23}},"loc":{"start":{"line":175,"column":68},"end":{"line":209,"column":1}},"line":175},"5":{"name":"(anonymous_5)","decl":{"start":{"line":181,"column":29},"end":{"line":181,"column":30}},"loc":{"start":{"line":181,"column":43},"end":{"line":208,"column":3}},"line":181},"6":{"name":"generatePlan","decl":{"start":{"line":220,"column":15},"end":{"line":220,"column":27}},"loc":{"start":{"line":220,"column":70},"end":{"line":276,"column":1}},"line":220},"7":{"name":"(anonymous_7)","decl":{"start":{"line":271,"column":70},"end":{"line":271,"column":71}},"loc":{"start":{"line":271,"column":79},"end":{"line":273,"column":3}},"line":271},"8":{"name":"regeneratePlan","decl":{"start":{"line":284,"column":15},"end":{"line":284,"column":29}},"loc":{"start":{"line":284,"column":38},"end":{"line":287,"column":1}},"line":284},"9":{"name":"analyzeProgressAndAdjust","decl":{"start":{"line":296,"column":15},"end":{"line":296,"column":39}},"loc":{"start":{"line":296,"column":48},"end":{"line":341,"column":1}},"line":296}},"branchMap":{"0":{"loc":{"start":{"line":71,"column":2},"end":{"line":73,"column":3}},"type":"if","locations":[{"start":{"line":71,"column":2},"end":{"line":73,"column":3}},{"start":{},"end":{}}],"line":71},"1":{"loc":{"start":{"line":127,"column":2},"end":{"line":129,"column":3}},"type":"if","locations":[{"start":{"line":127,"column":2},"end":{"line":129,"column":3}},{"start":{},"end":{}}],"line":127},"2":{"loc":{"start":{"line":148,"column":2},"end":{"line":150,"column":3}},"type":"if","locations":[{"start":{"line":148,"column":2},"end":{"line":150,"column":3}},{"start":{},"end":{}}],"line":148},"3":{"loc":{"start":{"line":156,"column":4},"end":{"line":158,"column":5}},"type":"if","locations":[{"start":{"line":156,"column":4},"end":{"line":158,"column":5}},{"start":{},"end":{}}],"line":156},"4":{"loc":{"start":{"line":156,"column":8},"end":{"line":156,"column":41}},"type":"binary-expr","locations":[{"start":{"line":156,"column":8},"end":{"line":156,"column":23}},{"start":{"line":156,"column":27},"end":{"line":156,"column":41}}],"line":156},"5":{"loc":{"start":{"line":220,"column":36},"end":{"line":220,"column":68}},"type":"default-arg","locations":[{"start":{"line":220,"column":66},"end":{"line":220,"column":68}}],"line":220},"6":{"loc":{"start":{"line":220,"column":38},"end":{"line":220,"column":61}},"type":"default-arg","locations":[{"start":{"line":220,"column":56},"end":{"line":220,"column":61}}],"line":220},"7":{"loc":{"start":{"line":222,"column":2},"end":{"line":227,"column":3}},"type":"if","locations":[{"start":{"line":222,"column":2},"end":{"line":227,"column":3}},{"start":{},"end":{}}],"line":222},"8":{"loc":{"start":{"line":224,"column":4},"end":{"line":226,"column":5}},"type":"if","locations":[{"start":{"line":224,"column":4},"end":{"line":226,"column":5}},{"start":{},"end":{}}],"line":224},"9":{"loc":{"start":{"line":246,"column":2},"end":{"line":248,"column":3}},"type":"if","locations":[{"start":{"line":246,"column":2},"end":{"line":248,"column":3}},{"start":{},"end":{}}],"line":246},"10":{"loc":{"start":{"line":312,"column":2},"end":{"line":315,"column":3}},"type":"if","locations":[{"start":{"line":312,"column":2},"end":{"line":315,"column":3}},{"start":{},"end":{}}],"line":312},"11":{"loc":{"start":{"line":312,"column":6},"end":{"line":312,"column":42}},"type":"binary-expr","locations":[{"start":{"line":312,"column":6},"end":{"line":312,"column":17}},{"start":{"line":312,"column":21},"end":{"line":312,"column":42}}],"line":312},"12":{"loc":{"start":{"line":321,"column":2},"end":{"line":323,"column":3}},"type":"if","locations":[{"start":{"line":321,"column":2},"end":{"line":323,"column":3}},{"start":{},"end":{}}],"line":321},"13":{"loc":{"start":{"line":321,"column":6},"end":{"line":321,"column":36}},"type":"binary-expr","locations":[{"start":{"line":321,"column":6},"end":{"line":321,"column":19}},{"start":{"line":321,"column":23},"end":{"line":321,"column":36}}],"line":321},"14":{"loc":{"start":{"line":330,"column":4},"end":{"line":331,"column":57}},"type":"binary-expr","locations":[{"start":{"line":330,"column":5},"end":{"line":330,"column":35}},{"start":{"line":330,"column":39},"end":{"line":330,"column":56}},{"start":{"line":331,"column":5},"end":{"line":331,"column":35}},{"start":{"line":331,"column":39},"end":{"line":331,"column":56}}],"line":330},"15":{"loc":{"start":{"line":334,"column":2},"end":{"line":338,"column":3}},"type":"if","locations":[{"start":{"line":334,"column":2},"end":{"line":338,"column":3}},{"start":{},"end":{}}],"line":334}},"s":{"0":0,"1":0,"2":0,"3":0,"4":0,"5":0,"6":0,"7":0,"8":0,"9":0,"10":0,"11":0,"12":0,"13":0,"14":0,"15":0,"16":0,"17":0,"18":0,"19":0,"20":0,"21":0,"22":0,"23":0,"24":0,"25":0,"26":0,"27":0,"28":0,"29":0,"30":0,"31":0,"32":0,"33":0,"34":0,"35":0,"36":0,"37":0,"38":0,"39":0,"40":0,"41":0,"42":0,"43":0,"44":0,"45":0,"46":0,"47":0,"48":0,"49":0,"50":0,"51":0,"52":0,"53":0,"54":0,"55":0,"56":0,"57":0,"58":0,"59":0,"60":0,"61":0,"62":0,"63":0,"64":0,"65":0,"66":0,"67":0,"68":0,"69":0},"f":{"0":0,"1":0,"2":0,"3":0,"4":0,"5":0,"6":0,"7":0,"8":0,"9":0},"b":{"0":[0,0],"1":[0,0],"2":[0,0],"3":[0,0],"4":[0,0],"5":[0],"6":[0],"7":[0,0],"8":[0,0],"9":[0,0],"10":[0,0],"11":[0,0],"12":[0,0],"13":[0,0],"14":[0,0,0,0],"15":[0,0]}}
,"C:\\Users\\Antonio\\Documents\\ai-studio\\projects\\healthy\\src\\utils\\nutritionCalculator.js": {"path":"C:\\Users\\Antonio\\Documents\\ai-studio\\projects\\healthy\\src\\utils\\nutritionCalculator.js","statementMap":{"0":{"start":{"line":7,"column":29},"end":{"line":13,"column":1}},"1":{"start":{"line":21,"column":16},"end":{"line":21,"column":26}},"2":{"start":{"line":22,"column":16},"end":{"line":22,"column":35}},"3":{"start":{"line":23,"column":12},"end":{"line":23,"column":53}},"4":{"start":{"line":24,"column":20},"end":{"line":24,"column":55}},"5":{"start":{"line":25,"column":2},"end":{"line":27,"column":3}},"6":{"start":{"line":26,"column":4},"end":{"line":26,"column":10}},"7":{"start":{"line":28,"column":2},"end":{"line":28,"column":13}},"8":{"start":{"line":44,"column":54},"end":{"line":44,"column":61}},"9":{"start":{"line":45,"column":14},"end":{"line":45,"column":37}},"10":{"start":{"line":47,"column":15},"end":{"line":47,"column":58}},"11":{"start":{"line":48,"column":2},"end":{"line":48,"column":75}},"12":{"start":{"line":60,"column":21},"end":{"line":60,"column":89}},"13":{"start":{"line":61,"column":2},"end":{"line":61,"column":38}},"14":{"start":{"line":81,"column":2},"end":{"line":103,"column":3}},"15":{"start":{"line":83,"column":6},"end":{"line":83,"column":47}},"16":{"start":{"line":84,"column":6},"end":{"line":84,"column":44}},"17":{"start":{"line":85,"column":6},"end":{"line":85,"column":22}},"18":{"start":{"line":86,"column":6},"end":{"line":86,"column":12}},"19":{"start":{"line":88,"column":6},"end":{"line":88,"column":47}},"20":{"start":{"line":89,"column":6},"end":{"line":89,"column":44}},"21":{"start":{"line":90,"column":6},"end":{"line":90,"column":22}},"22":{"start":{"line":91,"column":6},"end":{"line":91,"column":12}},"23":{"start":{"line":93,"column":6},"end":{"line":93,"column":28}},"24":{"start":{"line":94,"column":6},"end":{"line":94,"column":44}},"25":{"start":{"line":95,"column":6},"end":{"line":95,"column":22}},"26":{"start":{"line":96,"column":6},"end":{"line":96,"column":12}},"27":{"start":{"line":99,"column":6},"end":{"line":99,"column":28}},"28":{"start":{"line":100,"column":6},"end":{"line":100,"column":44}},"29":{"start":{"line":101,"column":6},"end":{"line":101,"column":22}},"30":{"start":{"line":102,"column":6},"end":{"line":102,"column":12}},"31":{"start":{"line":106,"column":26},"end":{"line":106,"column":38}},"32":{"start":{"line":108,"column":22},"end":{"line":108,"column":59}},"33":{"start":{"line":109,"column":15},"end":{"line":109,"column":42}},"34":{"start":{"line":111,"column":23},"end":{"line":111,"column":69}},"35":{"start":{"line":112,"column":16},"end":{"line":112,"column":57}},"36":{"start":{"line":114,"column":2},"end":{"line":119,"column":4}},"37":{"start":{"line":131,"column":14},"end":{"line":131,"column":35}},"38":{"start":{"line":132,"column":15},"end":{"line":132,"column":48}},"39":{"start":{"line":133,"column":17},"end":{"line":133,"column":63}},"40":{"start":{"line":135,"column":2},"end":{"line":135,"column":31}},"41":{"start":{"line":138,"column":0},"end":{"line":144,"column":2}}},"fnMap":{"0":{"name":"calculateAge","decl":{"start":{"line":20,"column":9},"end":{"line":20,"column":21}},"loc":{"start":{"line":20,"column":33},"end":{"line":29,"column":1}},"line":20},"1":{"name":"calculateBMR","decl":{"start":{"line":43,"column":9},"end":{"line":43,"column":21}},"loc":{"start":{"line":43,"column":31},"end":{"line":49,"column":1}},"line":43},"2":{"name":"calculateTDEE","decl":{"start":{"line":59,"column":9},"end":{"line":59,"column":22}},"loc":{"start":{"line":59,"column":43},"end":{"line":62,"column":1}},"line":59},"3":{"name":"calculateMacros","decl":{"start":{"line":76,"column":9},"end":{"line":76,"column":24}},"loc":{"start":{"line":76,"column":47},"end":{"line":120,"column":1}},"line":76},"4":{"name":"calculateNutritionTargets","decl":{"start":{"line":130,"column":9},"end":{"line":130,"column":34}},"loc":{"start":{"line":130,"column":65},"end":{"line":136,"column":1}},"line":130}},"branchMap":{"0":{"loc":{"start":{"line":25,"column":2},"end":{"line":27,"column":3}},"type":"if","locations":[{"start":{"line":25,"column":2},"end":{"line":27,"column":3}},{"start":{},"end":{}}],"line":25},"1":{"loc":{"start":{"line":25,"column":6},"end":{"line":25,"column":77}},"type":"binary-expr","locations":[{"start":{"line":25,"column":6},"end":{"line":25,"column":19}},{"start":{"line":25,"column":24},"end":{"line":25,"column":39}},{"start":{"line":25,"column":43},"end":{"line":25,"column":76}}],"line":25},"2":{"loc":{"start":{"line":48,"column":9},"end":{"line":48,"column":74}},"type":"cond-expr","locations":[{"start":{"line":48,"column":29},"end":{"line":48,"column":49}},{"start":{"line":48,"column":52},"end":{"line":48,"column":74}}],"line":48},"3":{"loc":{"start":{"line":60,"column":21},"end":{"line":60,"column":89}},"type":"binary-expr","locations":[{"start":{"line":60,"column":21},"end":{"line":60,"column":56}},{"start":{"line":60,"column":60},"end":{"line":60,"column":89}}],"line":60},"4":{"loc":{"start":{"line":81,"column":2},"end":{"line":103,"column":3}},"type":"switch","locations":[{"start":{"line":82,"column":4},"end":{"line":86,"column":12}},{"start":{"line":87,"column":4},"end":{"line":91,"column":12}},{"start":{"line":92,"column":4},"end":{"line":96,"column":12}},{"start":{"line":97,"column":4},"end":{"line":97,"column":26}},{"start":{"line":98,"column":4},"end":{"line":102,"column":12}}],"line":81}},"s":{"0":1,"1":5,"2":5,"3":5,"4":5,"5":5,"6":0,"7":5,"8":4,"9":4,"10":4,"11":4,"12":5,"13":5,"14":6,"15":3,"16":3,"17":3,"18":3,"19":1,"20":1,"21":1,"22":1,"23":1,"24":1,"25":1,"26":1,"27":1,"28":1,"29":1,"30":1,"31":6,"32":6,"33":6,"34":6,"35":6,"36":6,"37":1,"38":1,"39":1,"40":1,"41":1},"f":{"0":5,"1":4,"2":5,"3":6,"4":1},"b":{"0":[0,5],"1":[5,5,5],"2":[2,2],"3":[5,1],"4":[3,1,1,1,1]},"_coverageSchema":"1a1c01bbd47fc00a2c39e90264f33305004495a9","hash":"6c1a2795fc1c0cc48c2ec8f4127d87c1d53bc675"}
}
