TN:
SF:src\utils\nutritionCalculator.js
FN:20,calculateAge
FN:43,calculateBMR
FN:59,calculateTDEE
FN:76,calculateMacros
FN:130,calculateNutritionTargets
FNF:5
FNH:5
FNDA:34,calculateAge
FNDA:28,calculateBMR
FNDA:38,calculateTDEE
FNDA:28,calculateMacros
FNDA:13,calculateNutritionTargets
DA:7,2
DA:21,34
DA:22,34
DA:23,34
DA:24,34
DA:25,34
DA:26,1
DA:28,34
DA:44,28
DA:45,28
DA:47,28
DA:48,28
DA:60,38
DA:61,38
DA:81,28
DA:83,11
DA:84,11
DA:85,11
DA:86,11
DA:88,6
DA:89,6
DA:90,6
DA:91,6
DA:93,7
DA:94,7
DA:95,7
DA:96,7
DA:99,4
DA:100,4
DA:101,4
DA:102,4
DA:106,28
DA:108,28
DA:109,28
DA:111,28
DA:112,28
DA:114,28
DA:131,13
DA:132,13
DA:133,13
DA:135,13
DA:138,2
LF:42
LH:42
BRDA:25,0,0,1
BRDA:25,0,1,33
BRDA:25,1,0,34
BRDA:25,1,1,34
BRDA:25,1,2,34
BRDA:48,2,0,20
BRDA:48,2,1,8
BRDA:60,3,0,38
BRDA:60,3,1,4
BRDA:81,4,0,11
BRDA:81,4,1,6
BRDA:81,4,2,7
BRDA:81,4,3,3
BRDA:81,4,4,4
BRF:14
BRH:14
end_of_record
